Started GET "/" for 127.0.0.1 at 2025-11-29 23:17:53 +0300
  [1m[35m (3.1ms)[0m  [1m[35mCREATE TABLE "schema_migrations" ("version" varchar NOT NULL PRIMARY KEY) /*application='SmartScoreCounter'*/[0m
  [1m[35m (0.1ms)[0m  [1m[35mCREATE TABLE "ar_internal_metadata" ("key" varchar NOT NULL PRIMARY KEY, "value" varchar, "created_at" datetime(6) NOT NULL, "updated_at" datetime(6) NOT NULL) /*application='SmartScoreCounter'*/[0m
  [1m[36mActiveRecord::SchemaMigration Load (0.2ms)[0m  [1m[34mSELECT "schema_migrations"."version" FROM "schema_migrations" ORDER BY "schema_migrations"."version" ASC /*application='SmartScoreCounter'*/[0m
Processing by Rails::WelcomeController#index as HTML
  Rendering vendor/bundle/ruby/3.4.0/gems/railties-8.1.1/lib/rails/templates/rails/welcome/index.html.erb
  Rendered vendor/bundle/ruby/3.4.0/gems/railties-8.1.1/lib/rails/templates/rails/welcome/index.html.erb (Duration: 0.5ms | GC: 0.0ms)
Completed 200 OK in 20ms (Views: 5.5ms | ActiveRecord: 0.0ms (0 queries, 0 cached) | GC: 2.5ms)


Started GET "/" for 127.0.0.1 at 2025-11-29 23:17:53 +0300
Processing by Rails::WelcomeController#index as HTML
  Rendering vendor/bundle/ruby/3.4.0/gems/railties-8.1.1/lib/rails/templates/rails/welcome/index.html.erb
  Rendered vendor/bundle/ruby/3.4.0/gems/railties-8.1.1/lib/rails/templates/rails/welcome/index.html.erb (Duration: 0.1ms | GC: 0.0ms)
Completed 200 OK in 1ms (Views: 0.8ms | ActiveRecord: 0.0ms (0 queries, 0 cached) | GC: 0.0ms)


Started GET "/" for 127.0.0.1 at 2025-12-06 17:05:10 +0300
  [1m[36mActiveRecord::SchemaMigration Load (1.4ms)[0m  [1m[34mSELECT "schema_migrations"."version" FROM "schema_migrations" ORDER BY "schema_migrations"."version" ASC /*application='SmartScoreCounter'*/[0m
Processing by MainController#index as HTML
  Rendering layout layouts/application.html.erb
  Rendering main/index.html.erb within layouts/application
  Rendered main/index.html.erb within layouts/application (Duration: 4.2ms | GC: 0.0ms)
  Rendered layout layouts/application.html.erb (Duration: 156.8ms | GC: 0.0ms)
Completed 200 OK in 773ms (Views: 226.8ms | ActiveRecord: 0.0ms (0 queries, 0 cached) | GC: 0.0ms)


Started GET "/%7BlogoImage%7D" for 127.0.0.1 at 2025-12-06 17:05:11 +0300
  
ActionController::RoutingError (No route matches [GET] "/%7BlogoImage%7D"):
  
Started GET "/" for 127.0.0.1 at 2025-12-06 17:07:40 +0300
  [1m[36mActiveRecord::SchemaMigration Load (1.4ms)[0m  [1m[34mSELECT "schema_migrations"."version" FROM "schema_migrations" ORDER BY "schema_migrations"."version" ASC /*application='SmartScoreCounter'*/[0m
Processing by MainController#index as HTML
  Rendering layout layouts/application.html.erb
  Rendering main/index.html.erb within layouts/application
  Rendered main/index.html.erb within layouts/application (Duration: 2.7ms | GC: 0.0ms)
  Rendered layout layouts/application.html.erb (Duration: 56.4ms | GC: 0.0ms)
Completed 200 OK in 238ms (Views: 82.1ms | ActiveRecord: 0.0ms (0 queries, 0 cached) | GC: 0.0ms)


Started GET "/%7BlogoImage%7D" for 127.0.0.1 at 2025-12-06 17:07:41 +0300
  
ActionController::RoutingError (No route matches [GET] "/%7BlogoImage%7D"):
  
Started GET "/" for 127.0.0.1 at 2025-12-06 17:10:25 +0300
  [1m[36mActiveRecord::SchemaMigration Load (1.3ms)[0m  [1m[34mSELECT "schema_migrations"."version" FROM "schema_migrations" ORDER BY "schema_migrations"."version" ASC /*application='SmartScoreCounter'*/[0m
Processing by MainController#index as HTML
  Rendering layout layouts/application.html.erb
  Rendering main/index.html.erb within layouts/application
  Rendered main/index.html.erb within layouts/application (Duration: 28.6ms | GC: 0.0ms)
  Rendered layout layouts/application.html.erb (Duration: 59.7ms | GC: 0.0ms)
Completed 200 OK in 224ms (Views: 83.1ms | ActiveRecord: 0.0ms (0 queries, 0 cached) | GC: 0.0ms)


Started GET "/" for 127.0.0.1 at 2025-12-06 17:15:19 +0300
  [1m[36mActiveRecord::SchemaMigration Load (1.3ms)[0m  [1m[34mSELECT "schema_migrations"."version" FROM "schema_migrations" ORDER BY "schema_migrations"."version" ASC /*application='SmartScoreCounter'*/[0m
Processing by MainController#index as HTML
  Rendering layout layouts/application.html.erb
  Rendering main/index.html.erb within layouts/application
  Rendered main/index.html.erb within layouts/application (Duration: 6.8ms | GC: 0.0ms)
  Rendered layout layouts/application.html.erb (Duration: 7.7ms | GC: 0.0ms)
Completed 500 Internal Server Error in 184ms (ActiveRecord: 0.0ms (0 queries, 0 cached) | GC: 0.0ms)


  
ActionView::Template::Error (undefined local variable or method 'current_user' for an instance of #<Class:0x00007f002c868b60>)
Caused by: NameError (undefined local variable or method 'current_user' for an instance of #<Class:0x00007f002c868b60>)

Information for: ActionView::Template::Error (undefined local variable or method 'current_user' for an instance of #<Class:0x00007f002c868b60>):
    65: 
    66:   <%# Example of dynamic content with Ruby %>
    67:   <% if current_user %>
    68:     <p>Welcome back, <%= current_user.name %>!</p>
    69:   <% else %>
    70:     <p>Please sign in to continue.</p>
    71:   <% end %>
  
app/views/main/index.html.erb:68

Information for cause: NameError (undefined local variable or method 'current_user' for an instance of #<Class:0x00007f002c868b60>):
  
app/views/main/index.html.erb:68
Started GET "/" for 127.0.0.1 at 2025-12-06 17:15:53 +0300
  [1m[36mActiveRecord::SchemaMigration Load (1.3ms)[0m  [1m[34mSELECT "schema_migrations"."version" FROM "schema_migrations" ORDER BY "schema_migrations"."version" ASC /*application='SmartScoreCounter'*/[0m
Processing by MainController#index as HTML
  Rendering layout layouts/application.html.erb
  Rendering main/index.html.erb within layouts/application
  Rendered main/index.html.erb within layouts/application (Duration: 7.1ms | GC: 0.0ms)
  Rendered layout layouts/application.html.erb (Duration: 7.9ms | GC: 0.0ms)
Completed 500 Internal Server Error in 175ms (ActiveRecord: 0.0ms (0 queries, 0 cached) | GC: 0.0ms)


  
ActionView::Template::Error (undefined local variable or method 'current_user' for an instance of #<Class:0x00007fbc47be8498>)
Caused by: NameError (undefined local variable or method 'current_user' for an instance of #<Class:0x00007fbc47be8498>)

Information for: ActionView::Template::Error (undefined local variable or method 'current_user' for an instance of #<Class:0x00007fbc47be8498>):
    66:   <%# Example of dynamic content with Ruby %>
    67:   <% if true %>
    68:     <p>Welcome back, <%= current_user.name %>!</p>
    69:   <% else %>
    70:     <p>Please sign in to continue.</p>
    71:   <% end %>
    72: </div>
  
app/views/main/index.html.erb:69

Information for cause: NameError (undefined local variable or method 'current_user' for an instance of #<Class:0x00007fbc47be8498>):
  
app/views/main/index.html.erb:69
Started GET "/" for 127.0.0.1 at 2025-12-06 17:16:13 +0300
Processing by MainController#index as HTML
  Rendering layout layouts/application.html.erb
  Rendering main/index.html.erb within layouts/application
  Rendered main/index.html.erb within layouts/application (Duration: 3.0ms | GC: 0.0ms)
  Rendered layout layouts/application.html.erb (Duration: 3.9ms | GC: 0.0ms)
Completed 500 Internal Server Error in 35ms (ActiveRecord: 0.0ms (0 queries, 0 cached) | GC: 0.0ms)


  
ActionView::Template::Error (undefined method 'user_signed_in?' for an instance of #<Class:0x00007fbc47a243a0>)
Caused by: NoMethodError (undefined method 'user_signed_in?' for an instance of #<Class:0x00007fbc47a243a0>)

Information for: ActionView::Template::Error (undefined method 'user_signed_in?' for an instance of #<Class:0x00007fbc47a243a0>):
    87: 
    88:   <%# Example link using Rails helpers %>
    89:   <%= link_to "Go to Dashboard", dashboard_path, class: "btn btn-primary" if user_signed_in? %>
    90: </div>
    91: </body>
    92: </html>
  
app/views/main/index.html.erb:90

Information for cause: NoMethodError (undefined method 'user_signed_in?' for an instance of #<Class:0x00007fbc47a243a0>):
  
app/views/main/index.html.erb:90
Started GET "/" for 127.0.0.1 at 2025-12-06 17:16:42 +0300
Processing by MainController#index as HTML
  Rendering layout layouts/application.html.erb
  Rendering main/index.html.erb within layouts/application
  Rendered main/index.html.erb within layouts/application (Duration: 3.3ms | GC: 0.0ms)
  Rendered layout layouts/application.html.erb (Duration: 6.2ms | GC: 2.0ms)
Completed 500 Internal Server Error in 36ms (ActiveRecord: 0.0ms (0 queries, 0 cached) | GC: 2.4ms)


  
ActionView::Template::Error (undefined local variable or method 'dashboard_path' for an instance of #<Class:0x00007fbc466cc280>)
Caused by: NameError (undefined local variable or method 'dashboard_path' for an instance of #<Class:0x00007fbc466cc280>)

Information for: ActionView::Template::Error (undefined local variable or method 'dashboard_path' for an instance of #<Class:0x00007fbc466cc280>):
    87: 
    88:   <%# Example link using Rails helpers %>
    89:   <%= link_to "Go to Dashboard", dashboard_path, class: "btn btn-primary" if true %>
    90: </div>
    91: </body>
    92: </html>
  
app/views/main/index.html.erb:90

Information for cause: NameError (undefined local variable or method 'dashboard_path' for an instance of #<Class:0x00007fbc466cc280>):
  
app/views/main/index.html.erb:90
Started GET "/" for 127.0.0.1 at 2025-12-06 17:16:44 +0300
Processing by MainController#index as HTML
  Rendering layout layouts/application.html.erb
  Rendering main/index.html.erb within layouts/application
  Rendered main/index.html.erb within layouts/application (Duration: 2.2ms | GC: 1.8ms)
  Rendered layout layouts/application.html.erb (Duration: 3.7ms | GC: 2.4ms)
Completed 500 Internal Server Error in 19ms (ActiveRecord: 0.0ms (0 queries, 0 cached) | GC: 3.1ms)


  
ActionView::Template::Error (undefined local variable or method 'dashboard_path' for an instance of #<Class:0x00007fbc466cc280>)
Caused by: NameError (undefined local variable or method 'dashboard_path' for an instance of #<Class:0x00007fbc466cc280>)

Information for: ActionView::Template::Error (undefined local variable or method 'dashboard_path' for an instance of #<Class:0x00007fbc466cc280>):
    87: 
    88:   <%# Example link using Rails helpers %>
    89:   <%= link_to "Go to Dashboard", dashboard_path, class: "btn btn-primary" if true %>
    90: </div>
    91: </body>
    92: </html>
  
app/views/main/index.html.erb:90

Information for cause: NameError (undefined local variable or method 'dashboard_path' for an instance of #<Class:0x00007fbc466cc280>):
  
app/views/main/index.html.erb:90
Started GET "/" for 127.0.0.1 at 2025-12-06 17:16:54 +0300
Processing by MainController#index as HTML
  Rendering layout layouts/application.html.erb
  Rendering main/index.html.erb within layouts/application
  Rendered main/index.html.erb within layouts/application (Duration: 3.2ms | GC: 0.0ms)
  Rendered layout layouts/application.html.erb (Duration: 50.1ms | GC: 0.0ms)
Completed 200 OK in 79ms (Views: 59.9ms | ActiveRecord: 0.0ms (0 queries, 0 cached) | GC: 0.0ms)


Started GET "/" for 127.0.0.1 at 2025-12-06 17:17:42 +0300
Processing by MainController#index as HTML
  Rendering layout layouts/application.html.erb
  Rendering main/index.html.erb within layouts/application
  Rendered main/index.html.erb within layouts/application (Duration: 3.5ms | GC: 0.0ms)
  Rendered layout layouts/application.html.erb (Duration: 7.9ms | GC: 0.0ms)
Completed 200 OK in 38ms (Views: 18.0ms | ActiveRecord: 0.0ms (0 queries, 0 cached) | GC: 0.0ms)


Started GET "/" for 127.0.0.1 at 2025-12-06 17:17:57 +0300
Processing by MainController#index as HTML
  Rendering layout layouts/application.html.erb
  Rendering main/index.html.erb within layouts/application
  Rendered main/index.html.erb within layouts/application (Duration: 3.1ms | GC: 0.0ms)
  Rendered layout layouts/application.html.erb (Duration: 8.2ms | GC: 0.0ms)
Completed 200 OK in 41ms (Views: 19.2ms | ActiveRecord: 0.0ms (0 queries, 0 cached) | GC: 0.0ms)


Started GET "/" for 127.0.0.1 at 2025-12-06 17:18:15 +0300
Processing by MainController#index as HTML
  Rendering layout layouts/application.html.erb
  Rendering main/index.html.erb within layouts/application
  Rendered main/index.html.erb within layouts/application (Duration: 2.8ms | GC: 0.0ms)
  Rendered layout layouts/application.html.erb (Duration: 6.9ms | GC: 0.0ms)
Completed 200 OK in 35ms (Views: 16.5ms | ActiveRecord: 0.0ms (0 queries, 0 cached) | GC: 0.0ms)


Started GET "/" for 127.0.0.1 at 2025-12-06 17:19:04 +0300
Processing by MainController#index as HTML
  Rendering layout layouts/application.html.erb
  Rendering main/index.html.erb within layouts/application
  Rendered main/index.html.erb within layouts/application (Duration: 3.6ms | GC: 0.8ms)
  Rendered layout layouts/application.html.erb (Duration: 8.6ms | GC: 1.2ms)
Completed 200 OK in 43ms (Views: 20.9ms | ActiveRecord: 0.0ms (0 queries, 0 cached) | GC: 3.9ms)


Started GET "/" for 127.0.0.1 at 2025-12-06 17:19:19 +0300
Processing by MainController#index as HTML
  Rendering layout layouts/application.html.erb
  Rendering main/index.html.erb within layouts/application
  Rendered main/index.html.erb within layouts/application (Duration: 3.2ms | GC: 0.0ms)
  Rendered layout layouts/application.html.erb (Duration: 8.3ms | GC: 0.0ms)
Completed 200 OK in 45ms (Views: 20.7ms | ActiveRecord: 0.0ms (0 queries, 0 cached) | GC: 0.5ms)


Started GET "/" for 127.0.0.1 at 2025-12-06 17:19:44 +0300
Started GET "/" for 127.0.0.1 at 2025-12-06 17:19:50 +0300
Processing by MainController#index as HTML
  Rendering layout layouts/application.html.erb
  Rendering main/index.html.erb within layouts/application
  Rendered main/index.html.erb within layouts/application (Duration: 2.6ms | GC: 0.0ms)
  Rendered layout layouts/application.html.erb (Duration: 6.5ms | GC: 0.0ms)
Completed 200 OK in 36ms (Views: 16.3ms | ActiveRecord: 0.0ms (0 queries, 0 cached) | GC: 0.0ms)


Started GET "/" for 127.0.0.1 at 2025-12-06 17:19:51 +0300
Processing by MainController#index as HTML
  Rendering layout layouts/application.html.erb
  Rendering main/index.html.erb within layouts/application
  Rendered main/index.html.erb within layouts/application (Duration: 2.6ms | GC: 0.0ms)
  Rendered layout layouts/application.html.erb (Duration: 6.9ms | GC: 0.0ms)
Completed 200 OK in 34ms (Views: 18.1ms | ActiveRecord: 0.0ms (0 queries, 0 cached) | GC: 0.0ms)


Processing by MainController#index as HTML
  Rendering layout layouts/application.html.erb
  Rendering main/index.html.erb within layouts/application
  Rendered main/index.html.erb within layouts/application (Duration: 0.0ms | GC: 0.0ms)
  Rendered layout layouts/application.html.erb (Duration: 1.4ms | GC: 0.0ms)
Completed 200 OK in 17ms (Views: 2.7ms | ActiveRecord: 0.0ms (0 queries, 0 cached) | GC: 0.0ms)


Started GET "/" for 127.0.0.1 at 2025-12-06 17:19:58 +0300
Started GET "/" for 127.0.0.1 at 2025-12-06 17:19:58 +0300
Processing by MainController#index as HTML
  Rendering layout layouts/application.html.erb
  Rendering main/index.html.erb within layouts/application
Processing by MainController#index as HTML
  Rendered main/index.html.erb within layouts/application (Duration: 0.0ms | GC: 0.0ms)
  Rendered layout layouts/application.html.erb (Duration: 2.2ms | GC: 0.0ms)
Completed 200 OK in 15ms (Views: 3.2ms | ActiveRecord: 0.0ms (0 queries, 0 cached) | GC: 0.0ms)


  Rendering layout layouts/application.html.erb
  Rendering main/index.html.erb within layouts/application
  Rendered main/index.html.erb within layouts/application (Duration: 0.0ms | GC: 0.0ms)
  Rendered layout layouts/application.html.erb (Duration: 1.3ms | GC: 0.0ms)
Completed 200 OK in 15ms (Views: 2.2ms | ActiveRecord: 0.0ms (0 queries, 0 cached) | GC: 0.0ms)


Started GET "/" for 127.0.0.1 at 2025-12-06 17:20:47 +0300
Started GET "/" for 127.0.0.1 at 2025-12-06 17:20:47 +0300
Processing by MainController#index as HTML
Processing by MainController#index as HTML
  Rendering layout layouts/application.html.erb
  Rendering main/index.html.erb within layouts/application
  Rendering layout layouts/application.html.erb
  Rendered main/index.html.erb within layouts/application (Duration: 2.8ms | GC: 0.0ms)
  Rendering main/index.html.erb within layouts/application
  Rendered main/index.html.erb within layouts/application (Duration: 0.0ms | GC: 0.0ms)
  Rendered layout layouts/application.html.erb (Duration: 7.3ms | GC: 0.0ms)
  Rendered layout layouts/application.html.erb (Duration: 4.5ms | GC: 0.0ms)
Completed 200 OK in 30ms (Views: 13.6ms | ActiveRecord: 0.0ms (0 queries, 0 cached) | GC: 0.0ms)


Completed 200 OK in 31ms (Views: 16.9ms | ActiveRecord: 0.0ms (0 queries, 0 cached) | GC: 0.0ms)


Started GET "/" for 127.0.0.1 at 2025-12-06 17:21:47 +0300
Started GET "/" for 127.0.0.1 at 2025-12-06 17:21:47 +0300
Processing by MainController#index as HTML
Processing by MainController#index as HTML
  Rendering layout layouts/application.html.erb
  Rendering main/index.html.erb within layouts/application
  Rendering layout layouts/application.html.erb
  Rendered main/index.html.erb within layouts/application (Duration: 2.6ms | GC: 0.0ms)
  Rendering main/index.html.erb within layouts/application
  Rendered main/index.html.erb within layouts/application (Duration: 0.0ms | GC: 0.0ms)
  Rendered layout layouts/application.html.erb (Duration: 7.0ms | GC: 0.0ms)
  Rendered layout layouts/application.html.erb (Duration: 4.3ms | GC: 0.0ms)
Completed 200 OK in 29ms (Views: 12.7ms | ActiveRecord: 0.0ms (0 queries, 0 cached) | GC: 0.2ms)


Completed 200 OK in 29ms (Views: 15.9ms | ActiveRecord: 0.0ms (0 queries, 0 cached) | GC: 0.2ms)


Started GET "/" for 127.0.0.1 at 2025-12-06 17:22:03 +0300
Started GET "/" for 127.0.0.1 at 2025-12-06 17:22:03 +0300
Processing by MainController#index as HTML
Processing by MainController#index as HTML
  Rendering layout layouts/application.html.erb
  Rendering main/index.html.erb within layouts/application
  Rendering layout layouts/application.html.erb
  Rendered main/index.html.erb within layouts/application (Duration: 2.6ms | GC: 0.0ms)
  Rendering main/index.html.erb within layouts/application
  Rendered main/index.html.erb within layouts/application (Duration: 0.0ms | GC: 0.0ms)
  Rendered layout layouts/application.html.erb (Duration: 7.0ms | GC: 0.0ms)
  Rendered layout layouts/application.html.erb (Duration: 4.3ms | GC: 0.0ms)
Completed 200 OK in 30ms (Views: 13.0ms | ActiveRecord: 0.0ms (0 queries, 0 cached) | GC: 0.5ms)


Completed 200 OK in 31ms (Views: 16.1ms | ActiveRecord: 0.0ms (0 queries, 0 cached) | GC: 0.5ms)


Started GET "/" for 127.0.0.1 at 2025-12-06 17:24:26 +0300
Started GET "/" for 127.0.0.1 at 2025-12-06 17:24:26 +0300
Processing by MainController#index as HTML
Processing by MainController#index as HTML
  Rendering layout layouts/application.html.erb
  Rendering main/index.html.erb within layouts/application
  Rendering layout layouts/application.html.erb
  Rendering main/index.html.erb within layouts/application
  Rendered main/index.html.erb within layouts/application (Duration: 2.6ms | GC: 0.0ms)
  Rendered main/index.html.erb within layouts/application (Duration: 0.0ms | GC: 0.0ms)
  Rendered layout layouts/application.html.erb (Duration: 9.7ms | GC: 2.5ms)
  Rendered layout layouts/application.html.erb (Duration: 9.3ms | GC: 3.2ms)
Completed 200 OK in 36ms (Views: 18.6ms | ActiveRecord: 0.0ms (0 queries, 0 cached) | GC: 6.9ms)


Completed 200 OK in 37ms (Views: 22.1ms | ActiveRecord: 0.0ms (0 queries, 0 cached) | GC: 7.6ms)


Started GET "/" for 127.0.0.1 at 2025-12-06 17:25:05 +0300
Started GET "/" for 127.0.0.1 at 2025-12-06 17:25:05 +0300
Processing by MainController#index as HTML
Processing by MainController#index as HTML
  Rendering layout layouts/application.html.erb
  Rendering main/index.html.erb within layouts/application
  Rendering layout layouts/application.html.erb
  Rendered main/index.html.erb within layouts/application (Duration: 2.8ms | GC: 0.0ms)
  Rendering main/index.html.erb within layouts/application
  Rendered main/index.html.erb within layouts/application (Duration: 0.0ms | GC: 0.0ms)
  Rendered layout layouts/application.html.erb (Duration: 7.3ms | GC: 0.0ms)
  Rendered layout layouts/application.html.erb (Duration: 4.2ms | GC: 0.0ms)
Completed 200 OK in 29ms (Views: 12.9ms | ActiveRecord: 0.0ms (0 queries, 0 cached) | GC: 0.0ms)


Completed 200 OK in 30ms (Views: 16.0ms | ActiveRecord: 0.0ms (0 queries, 0 cached) | GC: 0.0ms)


Started GET "/" for 127.0.0.1 at 2025-12-06 17:25:19 +0300
Started GET "/" for 127.0.0.1 at 2025-12-06 17:25:19 +0300
Processing by MainController#index as HTML
Processing by MainController#index as HTML
  Rendering layout layouts/application.html.erb
  Rendering main/index.html.erb within layouts/application
  Rendering layout layouts/application.html.erb
  Rendering main/index.html.erb within layouts/application
  Rendered main/index.html.erb within layouts/application (Duration: 3.2ms | GC: 0.0ms)
  Rendered main/index.html.erb within layouts/application (Duration: 0.0ms | GC: 0.0ms)
  Rendered layout layouts/application.html.erb (Duration: 7.8ms | GC: 0.0ms)
  Rendered layout layouts/application.html.erb (Duration: 6.0ms | GC: 0.0ms)
Completed 200 OK in 31ms (Views: 13.9ms | ActiveRecord: 0.0ms (0 queries, 0 cached) | GC: 0.0ms)


Completed 200 OK in 31ms (Views: 17.1ms | ActiveRecord: 0.0ms (0 queries, 0 cached) | GC: 0.0ms)


Started GET "/" for 127.0.0.1 at 2025-12-06 17:26:57 +0300
Started GET "/" for 127.0.0.1 at 2025-12-06 17:26:57 +0300
Processing by MainController#index as HTML
Processing by MainController#index as HTML
  Rendering layout layouts/application.html.erb
  Rendering main/index.html.erb within layouts/application
  Rendering layout layouts/application.html.erb
  Rendering main/index.html.erb within layouts/application
  Rendered main/index.html.erb within layouts/application (Duration: 7.3ms | GC: 0.0ms)
  Rendered main/index.html.erb within layouts/application (Duration: 5.6ms | GC: 0.0ms)
  Rendered layout layouts/application.html.erb (Duration: 11.5ms | GC: 0.0ms)
  Rendered layout layouts/application.html.erb (Duration: 8.8ms | GC: 0.0ms)
Completed 200 OK in 34ms (Views: 17.4ms | ActiveRecord: 0.0ms (0 queries, 0 cached) | GC: 0.0ms)


Completed 200 OK in 35ms (Views: 20.6ms | ActiveRecord: 0.0ms (0 queries, 0 cached) | GC: 0.0ms)


Started GET "/" for 127.0.0.1 at 2025-12-06 17:27:46 +0300
Started GET "/" for 127.0.0.1 at 2025-12-06 17:27:46 +0300
  [1m[36mActiveRecord::SchemaMigration Load (1.3ms)[0m  [1m[34mSELECT "schema_migrations"."version" FROM "schema_migrations" ORDER BY "schema_migrations"."version" ASC /*application='SmartScoreCounter'*/[0m
  
ActionController::RoutingError (No route matches [GET] "/"):
  
Processing by MainController#index as HTML
  Rendering layout layouts/application.html.erb
  Rendering main/index.html.erb within layouts/application
  Rendered main/index.html.erb within layouts/application (Duration: 29.8ms | GC: 0.0ms)
  Rendered layout layouts/application.html.erb (Duration: 40.4ms | GC: 0.0ms)
Completed 200 OK in 249ms (Views: 93.3ms | ActiveRecord: 0.0ms (0 queries, 0 cached) | GC: 0.7ms)


Started GET "/" for 127.0.0.1 at 2025-12-06 17:28:11 +0300
Started GET "/" for 127.0.0.1 at 2025-12-06 17:28:11 +0300
Processing by MainController#index as HTML
  Rendering layout layouts/application.html.erb
Processing by MainController#index as HTML
  Rendering main/index.html.erb within layouts/application
  Rendered main/index.html.erb within layouts/application (Duration: 0.1ms | GC: 0.0ms)
  Rendered layout layouts/application.html.erb (Duration: 1.7ms | GC: 0.0ms)
Completed 200 OK in 15ms (Views: 3.3ms | ActiveRecord: 0.0ms (0 queries, 0 cached) | GC: 0.0ms)


  Rendering layout layouts/application.html.erb
  Rendering main/index.html.erb within layouts/application
  Rendered main/index.html.erb within layouts/application (Duration: 0.1ms | GC: 0.0ms)
  Rendered layout layouts/application.html.erb (Duration: 1.3ms | GC: 0.0ms)
Completed 200 OK in 14ms (Views: 2.2ms | ActiveRecord: 0.0ms (0 queries, 0 cached) | GC: 0.0ms)


Started GET "/" for 127.0.0.1 at 2025-12-06 17:29:00 +0300
Started GET "/" for 127.0.0.1 at 2025-12-06 17:29:00 +0300
Processing by MainController#index as HTML
Processing by MainController#index as HTML
  Rendering layout layouts/application.html.erb
  Rendering main/index.html.erb within layouts/application
  Rendering layout layouts/application.html.erb
  Rendered main/index.html.erb within layouts/application (Duration: 2.7ms | GC: 0.0ms)
  Rendering main/index.html.erb within layouts/application
  Rendered main/index.html.erb within layouts/application (Duration: 0.1ms | GC: 0.0ms)
  Rendered layout layouts/application.html.erb (Duration: 7.0ms | GC: 0.0ms)
  Rendered layout layouts/application.html.erb (Duration: 4.1ms | GC: 0.0ms)
Completed 200 OK in 30ms (Views: 13.4ms | ActiveRecord: 0.0ms (0 queries, 0 cached) | GC: 0.0ms)


Completed 200 OK in 30ms (Views: 16.2ms | ActiveRecord: 0.0ms (0 queries, 0 cached) | GC: 0.0ms)


Started GET "/" for 127.0.0.1 at 2025-12-06 17:31:27 +0300
Started GET "/" for 127.0.0.1 at 2025-12-06 17:31:27 +0300
Processing by MainController#index as HTML
Processing by MainController#index as HTML
  Rendering layout layouts/application.html.erb
  Rendering main/index.html.erb within layouts/application
  Rendering layout layouts/application.html.erb
  Rendered main/index.html.erb within layouts/application (Duration: 2.7ms | GC: 0.0ms)
  Rendering main/index.html.erb within layouts/application
  Rendered main/index.html.erb within layouts/application (Duration: 0.1ms | GC: 0.0ms)
  Rendered layout layouts/application.html.erb (Duration: 7.1ms | GC: 0.0ms)
  Rendered layout layouts/application.html.erb (Duration: 4.1ms | GC: 0.0ms)
Completed 200 OK in 29ms (Views: 12.8ms | ActiveRecord: 0.0ms (0 queries, 0 cached) | GC: 0.0ms)


Completed 200 OK in 29ms (Views: 15.9ms | ActiveRecord: 0.0ms (0 queries, 0 cached) | GC: 0.0ms)


Started GET "/" for 127.0.0.1 at 2025-12-06 17:34:09 +0300
Started GET "/" for 127.0.0.1 at 2025-12-06 17:34:09 +0300
Processing by MainController#index as HTML
Processing by MainController#index as HTML
  Rendering layout layouts/application.html.erb
  Rendering main/index.html.erb within layouts/application
  Rendering layout layouts/application.html.erb
  Rendered main/index.html.erb within layouts/application (Duration: 2.9ms | GC: 0.0ms)
  Rendering main/index.html.erb within layouts/application
  Rendered main/index.html.erb within layouts/application (Duration: 0.1ms | GC: 0.0ms)
  Rendered layout layouts/application.html.erb (Duration: 8.0ms | GC: 0.5ms)
  Rendered layout layouts/application.html.erb (Duration: 4.9ms | GC: 0.5ms)
Completed 200 OK in 30ms (Views: 14.4ms | ActiveRecord: 0.0ms (0 queries, 0 cached) | GC: 0.5ms)


Completed 200 OK in 31ms (Views: 17.1ms | ActiveRecord: 0.0ms (0 queries, 0 cached) | GC: 0.5ms)


Started GET "/" for 127.0.0.1 at 2025-12-06 17:36:55 +0300
Started GET "/" for 127.0.0.1 at 2025-12-06 17:36:55 +0300
Processing by MainController#index as HTML
Processing by MainController#index as HTML
  Rendering layout layouts/application.html.erb
  Rendering main/index.html.erb within layouts/application
  Rendering layout layouts/application.html.erb
  Rendered main/index.html.erb within layouts/application (Duration: 3.0ms | GC: 0.0ms)
  Rendering main/index.html.erb within layouts/application
  Rendered main/index.html.erb within layouts/application (Duration: 0.1ms | GC: 0.0ms)
  Rendered layout layouts/application.html.erb (Duration: 7.3ms | GC: 0.0ms)
  Rendered layout layouts/application.html.erb (Duration: 4.1ms | GC: 0.0ms)
Completed 200 OK in 30ms (Views: 14.1ms | ActiveRecord: 0.0ms (0 queries, 0 cached) | GC: 0.5ms)


Completed 200 OK in 31ms (Views: 16.9ms | ActiveRecord: 0.0ms (0 queries, 0 cached) | GC: 0.5ms)


Started GET "/" for 127.0.0.1 at 2025-12-06 17:37:48 +0300
Started GET "/" for 127.0.0.1 at 2025-12-06 17:37:48 +0300
Processing by MainController#index as HTML
Processing by MainController#index as HTML
  Rendering layout layouts/application.html.erb
  Rendering main/index.html.erb within layouts/application
  Rendering layout layouts/application.html.erb
  Rendered main/index.html.erb within layouts/application (Duration: 3.1ms | GC: 0.0ms)
  Rendering main/index.html.erb within layouts/application
  Rendered main/index.html.erb within layouts/application (Duration: 0.1ms | GC: 0.0ms)
  Rendered layout layouts/application.html.erb (Duration: 7.6ms | GC: 0.0ms)
  Rendered layout layouts/application.html.erb (Duration: 4.4ms | GC: 0.0ms)
Completed 200 OK in 31ms (Views: 13.6ms | ActiveRecord: 0.0ms (0 queries, 0 cached) | GC: 0.0ms)


Completed 200 OK in 32ms (Views: 16.8ms | ActiveRecord: 0.0ms (0 queries, 0 cached) | GC: 0.0ms)


Started GET "/" for 127.0.0.1 at 2025-12-06 17:38:28 +0300
Started GET "/" for 127.0.0.1 at 2025-12-06 17:38:28 +0300
Processing by MainController#index as HTML
Processing by MainController#index as HTML
  Rendering layout layouts/application.html.erb
  Rendering main/index.html.erb within layouts/application
  Rendering layout layouts/application.html.erb
  Rendered main/index.html.erb within layouts/application (Duration: 3.0ms | GC: 0.0ms)
  Rendering main/index.html.erb within layouts/application
  Rendered main/index.html.erb within layouts/application (Duration: 0.1ms | GC: 0.0ms)
  Rendered layout layouts/application.html.erb (Duration: 7.7ms | GC: 0.0ms)
  Rendered layout layouts/application.html.erb (Duration: 4.5ms | GC: 0.0ms)
Completed 200 OK in 30ms (Views: 13.6ms | ActiveRecord: 0.0ms (0 queries, 0 cached) | GC: 0.0ms)


Completed 200 OK in 31ms (Views: 17.1ms | ActiveRecord: 0.0ms (0 queries, 0 cached) | GC: 0.0ms)


Started GET "/" for 127.0.0.1 at 2025-12-06 17:42:11 +0300
Started GET "/" for 127.0.0.1 at 2025-12-06 17:42:11 +0300
Processing by MainController#index as HTML
Processing by MainController#index as HTML
  Rendering layout layouts/application.html.erb
  Rendering main/index.html.erb within layouts/application
  Rendering layout layouts/application.html.erb
  Rendered main/index.html.erb within layouts/application (Duration: 2.9ms | GC: 0.0ms)
  Rendering main/index.html.erb within layouts/application
  Rendered main/index.html.erb within layouts/application (Duration: 0.1ms | GC: 0.0ms)
  Rendered layout layouts/application.html.erb (Duration: 7.1ms | GC: 0.0ms)
  Rendered layout layouts/application.html.erb (Duration: 4.1ms | GC: 0.0ms)
Completed 200 OK in 29ms (Views: 12.7ms | ActiveRecord: 0.0ms (0 queries, 0 cached) | GC: 0.0ms)


Completed 200 OK in 29ms (Views: 15.9ms | ActiveRecord: 0.0ms (0 queries, 0 cached) | GC: 0.0ms)


Started GET "/" for 127.0.0.1 at 2025-12-06 17:43:48 +0300
Processing by MainController#index as HTML
  Rendering layout layouts/application.html.erb
  Rendering main/index.html.erb within layouts/application
  Rendered main/index.html.erb within layouts/application (Duration: 3.0ms | GC: 0.0ms)
  Rendered layout layouts/application.html.erb (Duration: 7.8ms | GC: 0.0ms)
Completed 200 OK in 37ms (Views: 17.7ms | ActiveRecord: 0.0ms (0 queries, 0 cached) | GC: 0.2ms)


Started GET "/" for 127.0.0.1 at 2025-12-06 17:47:11 +0300
Started GET "/" for 127.0.0.1 at 2025-12-06 17:47:11 +0300
Processing by MainController#index as HTML
Processing by MainController#index as HTML
  Rendering layout layouts/application.html.erb
  Rendering main/index.html.erb within layouts/application
  Rendering layout layouts/application.html.erb
  Rendering main/index.html.erb within layouts/application
  Rendered main/index.html.erb within layouts/application (Duration: 3.2ms | GC: 0.0ms)
  Rendered main/index.html.erb within layouts/application (Duration: 0.1ms | GC: 0.0ms)
  Rendered layout layouts/application.html.erb (Duration: 7.5ms | GC: 0.0ms)
  Rendered layout layouts/application.html.erb (Duration: 5.7ms | GC: 0.0ms)
Completed 200 OK in 30ms (Views: 13.5ms | ActiveRecord: 0.0ms (0 queries, 0 cached) | GC: 0.0ms)


Completed 200 OK in 30ms (Views: 16.8ms | ActiveRecord: 0.0ms (0 queries, 0 cached) | GC: 0.0ms)


Started GET "/" for 127.0.0.1 at 2025-12-06 17:47:26 +0300
Processing by MainController#index as HTML
  Rendering layout layouts/application.html.erb
  Rendering main/index.html.erb within layouts/application
  Rendered main/index.html.erb within layouts/application (Duration: 0.2ms | GC: 0.0ms)
  Rendered layout layouts/application.html.erb (Duration: 1.7ms | GC: 0.0ms)
Completed 200 OK in 15ms (Views: 2.8ms | ActiveRecord: 0.0ms (0 queries, 0 cached) | GC: 0.0ms)


Started GET "/" for 127.0.0.1 at 2025-12-06 17:47:29 +0300
Processing by MainController#index as HTML
  Rendering layout layouts/application.html.erb
  Rendering main/index.html.erb within layouts/application
  Rendered main/index.html.erb within layouts/application (Duration: 0.3ms | GC: 0.0ms)
  Rendered layout layouts/application.html.erb (Duration: 2.2ms | GC: 0.0ms)
Completed 200 OK in 17ms (Views: 3.7ms | ActiveRecord: 0.0ms (0 queries, 0 cached) | GC: 0.0ms)


Started GET "/" for 127.0.0.1 at 2025-12-06 17:47:29 +0300
Processing by MainController#index as HTML
  Rendering layout layouts/application.html.erb
  Rendering main/index.html.erb within layouts/application
  Rendered main/index.html.erb within layouts/application (Duration: 0.2ms | GC: 0.0ms)
  Rendered layout layouts/application.html.erb (Duration: 1.6ms | GC: 0.0ms)
Completed 200 OK in 16ms (Views: 2.7ms | ActiveRecord: 0.0ms (0 queries, 0 cached) | GC: 0.0ms)


Started GET "/" for 127.0.0.1 at 2025-12-06 17:48:35 +0300
Processing by MainController#index as HTML
  Rendering layout layouts/application.html.erb
  Rendering main/index.html.erb within layouts/application
  Rendered main/index.html.erb within layouts/application (Duration: 3.2ms | GC: 0.0ms)
  Rendered layout layouts/application.html.erb (Duration: 7.4ms | GC: 0.0ms)
Completed 200 OK in 37ms (Views: 17.7ms | ActiveRecord: 0.0ms (0 queries, 0 cached) | GC: 0.0ms)


Started GET "/" for 127.0.0.1 at 2025-12-06 17:49:05 +0300
Processing by MainController#index as HTML
  Rendering layout layouts/application.html.erb
  Rendering main/index.html.erb within layouts/application
  Rendered main/index.html.erb within layouts/application (Duration: 3.2ms | GC: 0.0ms)
  Rendered layout layouts/application.html.erb (Duration: 7.7ms | GC: 0.0ms)
Completed 200 OK in 39ms (Views: 18.3ms | ActiveRecord: 0.0ms (0 queries, 0 cached) | GC: 0.2ms)


Started GET "/" for 127.0.0.1 at 2025-12-06 17:49:07 +0300
Processing by MainController#index as HTML
  Rendering layout layouts/application.html.erb
  Rendering main/index.html.erb within layouts/application
  Rendered main/index.html.erb within layouts/application (Duration: 0.2ms | GC: 0.0ms)
  Rendered layout layouts/application.html.erb (Duration: 1.6ms | GC: 0.0ms)
Completed 200 OK in 16ms (Views: 2.7ms | ActiveRecord: 0.0ms (0 queries, 0 cached) | GC: 0.0ms)


Started GET "/" for 127.0.0.1 at 2025-12-06 17:50:26 +0300
Processing by MainController#index as HTML
  Rendering layout layouts/application.html.erb
  Rendering main/index.html.erb within layouts/application
  Rendered main/index.html.erb within layouts/application (Duration: 2.8ms | GC: 0.0ms)
  Rendered layout layouts/application.html.erb (Duration: 7.1ms | GC: 0.0ms)
Completed 200 OK in 36ms (Views: 17.5ms | ActiveRecord: 0.0ms (0 queries, 0 cached) | GC: 0.0ms)


Started GET "/" for 127.0.0.1 at 2025-12-06 17:50:45 +0300
Started GET "/" for 127.0.0.1 at 2025-12-06 17:50:45 +0300
Processing by MainController#index as HTML
  Rendering layout layouts/application.html.erb
  Rendering main/index.html.erb within layouts/application
Processing by MainController#index as HTML
  Rendered main/index.html.erb within layouts/application (Duration: 0.2ms | GC: 0.0ms)
  Rendered layout layouts/application.html.erb (Duration: 2.3ms | GC: 0.0ms)
Completed 200 OK in 15ms (Views: 3.4ms | ActiveRecord: 0.0ms (0 queries, 0 cached) | GC: 0.0ms)


  Rendering layout layouts/application.html.erb
  Rendering main/index.html.erb within layouts/application
  Rendered main/index.html.erb within layouts/application (Duration: 0.1ms | GC: 0.0ms)
  Rendered layout layouts/application.html.erb (Duration: 1.5ms | GC: 0.0ms)
Completed 200 OK in 15ms (Views: 2.5ms | ActiveRecord: 0.0ms (0 queries, 0 cached) | GC: 0.0ms)


Started GET "/" for 127.0.0.1 at 2025-12-06 17:52:22 +0300
Started GET "/" for 127.0.0.1 at 2025-12-06 17:52:22 +0300
Processing by MainController#index as HTML
Processing by MainController#index as HTML
  Rendering layout layouts/application.html.erb
  Rendering main/index.html.erb within layouts/application
  Rendering layout layouts/application.html.erb
  Rendered main/index.html.erb within layouts/application (Duration: 3.5ms | GC: 0.6ms)
  Rendering main/index.html.erb within layouts/application
  Rendered main/index.html.erb within layouts/application (Duration: 0.1ms | GC: 0.0ms)
  Rendered layout layouts/application.html.erb (Duration: 8.1ms | GC: 0.6ms)
  Rendered layout layouts/application.html.erb (Duration: 4.3ms | GC: 0.0ms)
Completed 200 OK in 30ms (Views: 13.9ms | ActiveRecord: 0.0ms (0 queries, 0 cached) | GC: 0.6ms)


Completed 200 OK in 31ms (Views: 17.0ms | ActiveRecord: 0.0ms (0 queries, 0 cached) | GC: 0.6ms)


Started GET "/" for 127.0.0.1 at 2025-12-06 17:52:37 +0300
Started GET "/" for 127.0.0.1 at 2025-12-06 17:52:37 +0300
Processing by MainController#index as HTML
Processing by MainController#index as HTML
  Rendering layout layouts/application.html.erb
  Rendering main/index.html.erb within layouts/application
  Rendering layout layouts/application.html.erb
  Rendering main/index.html.erb within layouts/application
  Rendered main/index.html.erb within layouts/application (Duration: 3.4ms | GC: 0.0ms)
  Rendered main/index.html.erb within layouts/application (Duration: 0.1ms | GC: 0.0ms)
  Rendered layout layouts/application.html.erb (Duration: 8.1ms | GC: 0.0ms)
  Rendered layout layouts/application.html.erb (Duration: 6.1ms | GC: 0.0ms)
Completed 200 OK in 32ms (Views: 14.7ms | ActiveRecord: 0.0ms (0 queries, 0 cached) | GC: 0.2ms)


Completed 200 OK in 33ms (Views: 18.1ms | ActiveRecord: 0.0ms (0 queries, 0 cached) | GC: 0.2ms)


Started GET "/" for 127.0.0.1 at 2025-12-06 17:52:58 +0300
Processing by MainController#index as HTML
  Rendering layout layouts/application.html.erb
  Rendering main/index.html.erb within layouts/application
  Rendered main/index.html.erb within layouts/application (Duration: 0.2ms | GC: 0.0ms)
  Rendered layout layouts/application.html.erb (Duration: 1.6ms | GC: 0.0ms)
Completed 200 OK in 16ms (Views: 2.8ms | ActiveRecord: 0.0ms (0 queries, 0 cached) | GC: 0.0ms)


Started GET "/" for 127.0.0.1 at 2025-12-06 17:53:46 +0300
Processing by MainController#index as HTML
  Rendering layout layouts/application.html.erb
  Rendering main/index.html.erb within layouts/application
  Rendered main/index.html.erb within layouts/application (Duration: 2.9ms | GC: 0.0ms)
  Rendered layout layouts/application.html.erb (Duration: 6.8ms | GC: 0.0ms)
Completed 200 OK in 36ms (Views: 16.5ms | ActiveRecord: 0.0ms (0 queries, 0 cached) | GC: 0.1ms)


Started GET "/" for 127.0.0.1 at 2025-12-06 17:54:07 +0300
Processing by MainController#index as HTML
  Rendering layout layouts/application.html.erb
  Rendering main/index.html.erb within layouts/application
  Rendered main/index.html.erb within layouts/application (Duration: 3.3ms | GC: 0.0ms)
  Rendered layout layouts/application.html.erb (Duration: 7.7ms | GC: 0.0ms)
Completed 200 OK in 42ms (Views: 18.8ms | ActiveRecord: 0.0ms (0 queries, 0 cached) | GC: 0.0ms)


Started GET "/" for 127.0.0.1 at 2025-12-06 17:54:17 +0300
Processing by MainController#index as HTML
  Rendering layout layouts/application.html.erb
  Rendering main/index.html.erb within layouts/application
  Rendered main/index.html.erb within layouts/application (Duration: 0.2ms | GC: 0.0ms)
  Rendered layout layouts/application.html.erb (Duration: 1.7ms | GC: 0.0ms)
Completed 200 OK in 15ms (Views: 2.8ms | ActiveRecord: 0.0ms (0 queries, 0 cached) | GC: 0.0ms)


Started GET "/" for 127.0.0.1 at 2025-12-06 17:54:24 +0300
Processing by MainController#index as HTML
  Rendering layout layouts/application.html.erb
  Rendering main/index.html.erb within layouts/application
  Rendered main/index.html.erb within layouts/application (Duration: 2.7ms | GC: 0.0ms)
  Rendered layout layouts/application.html.erb (Duration: 6.6ms | GC: 0.0ms)
Completed 200 OK in 37ms (Views: 17.3ms | ActiveRecord: 0.0ms (0 queries, 0 cached) | GC: 0.0ms)


Started GET "/" for 127.0.0.1 at 2025-12-06 17:54:47 +0300
Processing by MainController#index as HTML
  Rendering layout layouts/application.html.erb
  Rendering main/index.html.erb within layouts/application
  Rendered main/index.html.erb within layouts/application (Duration: 3.1ms | GC: 0.0ms)
  Rendered layout layouts/application.html.erb (Duration: 7.9ms | GC: 0.0ms)
Completed 200 OK in 41ms (Views: 18.8ms | ActiveRecord: 0.0ms (0 queries, 0 cached) | GC: 0.0ms)


Started GET "/" for 127.0.0.1 at 2025-12-06 17:55:03 +0300
Processing by MainController#index as HTML
  Rendering layout layouts/application.html.erb
  Rendering main/index.html.erb within layouts/application
  Rendered main/index.html.erb within layouts/application (Duration: 2.8ms | GC: 0.0ms)
  Rendered layout layouts/application.html.erb (Duration: 7.2ms | GC: 0.0ms)
Completed 200 OK in 38ms (Views: 17.8ms | ActiveRecord: 0.0ms (0 queries, 0 cached) | GC: 0.1ms)


Started GET "/" for 127.0.0.1 at 2025-12-06 17:55:36 +0300
Processing by MainController#index as HTML
  Rendering layout layouts/application.html.erb
  Rendering main/index.html.erb within layouts/application
  Rendered main/index.html.erb within layouts/application (Duration: 3.1ms | GC: 0.0ms)
  Rendered layout layouts/application.html.erb (Duration: 18.5ms | GC: 0.0ms)
Completed 200 OK in 48ms (Views: 28.4ms | ActiveRecord: 0.0ms (0 queries, 0 cached) | GC: 0.3ms)


Started GET "/" for 127.0.0.1 at 2025-12-06 17:56:04 +0300
Processing by MainController#index as HTML
  Rendering layout layouts/application.html.erb
  Rendering main/index.html.erb within layouts/application
  Rendered main/index.html.erb within layouts/application (Duration: 3.6ms | GC: 0.0ms)
  Rendered layout layouts/application.html.erb (Duration: 8.4ms | GC: 0.0ms)
Completed 200 OK in 42ms (Views: 20.2ms | ActiveRecord: 0.0ms (0 queries, 0 cached) | GC: 0.0ms)


Started GET "/" for 127.0.0.1 at 2025-12-06 17:56:16 +0300
Processing by MainController#index as HTML
  Rendering layout layouts/application.html.erb
  Rendering main/index.html.erb within layouts/application
  Rendered main/index.html.erb within layouts/application (Duration: 2.8ms | GC: 0.0ms)
  Rendered layout layouts/application.html.erb (Duration: 7.0ms | GC: 0.0ms)
Completed 200 OK in 35ms (Views: 16.6ms | ActiveRecord: 0.0ms (0 queries, 0 cached) | GC: 0.0ms)


Started GET "/" for 127.0.0.1 at 2025-12-06 17:58:39 +0300
Processing by MainController#index as HTML
  Rendering layout layouts/application.html.erb
  Rendering main/index.html.erb within layouts/application
  Rendered main/index.html.erb within layouts/application (Duration: 2.8ms | GC: 0.0ms)
  Rendered layout layouts/application.html.erb (Duration: 7.2ms | GC: 0.0ms)
Completed 200 OK in 36ms (Views: 17.2ms | ActiveRecord: 0.0ms (0 queries, 0 cached) | GC: 0.0ms)


Started GET "/" for 127.0.0.1 at 2025-12-06 17:59:00 +0300
Processing by MainController#index as HTML
  Rendering layout layouts/application.html.erb
  Rendering main/index.html.erb within layouts/application
  Rendered main/index.html.erb within layouts/application (Duration: 3.5ms | GC: 0.0ms)
  Rendered layout layouts/application.html.erb (Duration: 8.5ms | GC: 0.0ms)
Completed 200 OK in 43ms (Views: 19.8ms | ActiveRecord: 0.0ms (0 queries, 0 cached) | GC: 0.3ms)


Started GET "/" for 127.0.0.1 at 2025-12-06 17:59:20 +0300
Processing by MainController#index as HTML
  Rendering layout layouts/application.html.erb
  Rendering main/index.html.erb within layouts/application
  Rendered main/index.html.erb within layouts/application (Duration: 2.9ms | GC: 0.0ms)
  Rendered layout layouts/application.html.erb (Duration: 7.4ms | GC: 0.2ms)
Completed 200 OK in 37ms (Views: 17.5ms | ActiveRecord: 0.0ms (0 queries, 0 cached) | GC: 0.2ms)


Started GET "/" for 127.0.0.1 at 2025-12-06 17:59:57 +0300
Processing by MainController#index as HTML
  Rendering layout layouts/application.html.erb
  Rendering main/index.html.erb within layouts/application
  Rendered main/index.html.erb within layouts/application (Duration: 2.9ms | GC: 0.0ms)
  Rendered layout layouts/application.html.erb (Duration: 7.1ms | GC: 0.0ms)
Completed 200 OK in 36ms (Views: 17.3ms | ActiveRecord: 0.0ms (0 queries, 0 cached) | GC: 0.0ms)


Started GET "/" for 127.0.0.1 at 2025-12-06 18:00:20 +0300
Processing by MainController#index as HTML
  Rendering layout layouts/application.html.erb
  Rendering main/index.html.erb within layouts/application
  Rendered main/index.html.erb within layouts/application (Duration: 3.2ms | GC: 0.0ms)
  Rendered layout layouts/application.html.erb (Duration: 8.6ms | GC: 0.8ms)
Completed 200 OK in 41ms (Views: 20.0ms | ActiveRecord: 0.0ms (0 queries, 0 cached) | GC: 0.8ms)


Started GET "/" for 127.0.0.1 at 2025-12-06 18:00:48 +0300
Processing by MainController#index as HTML
  Rendering layout layouts/application.html.erb
  Rendering main/index.html.erb within layouts/application
  Rendered main/index.html.erb within layouts/application (Duration: 2.7ms | GC: 0.0ms)
  Rendered layout layouts/application.html.erb (Duration: 6.8ms | GC: 0.0ms)
Completed 200 OK in 35ms (Views: 16.1ms | ActiveRecord: 0.0ms (0 queries, 0 cached) | GC: 0.0ms)


Started GET "/" for 127.0.0.1 at 2025-12-06 18:02:24 +0300
Processing by MainController#index as HTML
  Rendering layout layouts/application.html.erb
  Rendering main/index.html.erb within layouts/application
  Rendered main/index.html.erb within layouts/application (Duration: 2.7ms | GC: 0.0ms)
  Rendered layout layouts/application.html.erb (Duration: 6.8ms | GC: 0.0ms)
Completed 200 OK in 36ms (Views: 16.6ms | ActiveRecord: 0.0ms (0 queries, 0 cached) | GC: 0.1ms)


Started GET "/" for 127.0.0.1 at 2025-12-06 18:03:01 +0300
Processing by MainController#index as HTML
  Rendering layout layouts/application.html.erb
  Rendering main/index.html.erb within layouts/application
  Rendered main/index.html.erb within layouts/application (Duration: 2.7ms | GC: 0.0ms)
  Rendered layout layouts/application.html.erb (Duration: 6.6ms | GC: 0.0ms)
Completed 200 OK in 35ms (Views: 16.2ms | ActiveRecord: 0.0ms (0 queries, 0 cached) | GC: 0.0ms)


Started GET "/" for 127.0.0.1 at 2025-12-06 18:03:13 +0300
Processing by MainController#index as HTML
  Rendering layout layouts/application.html.erb
  Rendering main/index.html.erb within layouts/application
  Rendered main/index.html.erb within layouts/application (Duration: 3.3ms | GC: 0.0ms)
  Rendered layout layouts/application.html.erb (Duration: 8.2ms | GC: 0.0ms)
Completed 200 OK in 40ms (Views: 18.9ms | ActiveRecord: 0.0ms (0 queries, 0 cached) | GC: 0.0ms)


